<?xml version="1.0" encoding="UTF-8"?>
<testng-results skipped="0" failed="0" ignored="0" total="1" passed="1">
  <reporter-output>
  </reporter-output>
  <suite name="Suite1" duration-ms="38555" started-at="2019-01-13T14:05:28Z" finished-at="2019-01-13T14:06:06Z">
    <groups>
    </groups>
    <test name="abhibus_booking" duration-ms="38555" started-at="2019-01-13T14:05:28Z" finished-at="2019-01-13T14:06:06Z">
      <class name="abhibus_Execution.Abhibus_ExecutionValidation">
        <test-method status="PASS" signature="OpenBrowser()[pri:0, instance:abhibus_Execution.Abhibus_ExecutionValidation@6eebc39e]" name="OpenBrowser" is-config="true" duration-ms="12190" started-at="2019-01-13T14:05:28Z" finished-at="2019-01-13T14:05:40Z">
          <reporter-output>
          </reporter-output>
        </test-method> <!-- OpenBrowser -->
        <test-method status="PASS" signature="abhibus_Execution()[pri:0, instance:abhibus_Execution.Abhibus_ExecutionValidation@6eebc39e]" name="abhibus_Execution" duration-ms="26101" started-at="2019-01-13T14:05:40Z" finished-at="2019-01-13T14:06:06Z">
          <reporter-output>
          </reporter-output>
        </test-method> <!-- abhibus_Execution -->
        <test-method status="PASS" signature="teardown()[pri:0, instance:abhibus_Execution.Abhibus_ExecutionValidation@6eebc39e]" name="teardown" is-config="true" duration-ms="223" started-at="2019-01-13T14:06:06Z" finished-at="2019-01-13T14:06:06Z">
          <reporter-output>
          </reporter-output>
        </test-method> <!-- teardown -->
      </class> <!-- abhibus_Execution.Abhibus_ExecutionValidation -->
    </test> <!-- abhibus_booking -->
  </suite> <!-- Suite1 -->
</testng-results>
