<?xml version="1.0" encoding="UTF-8"?>
<!-- Generated by org.testng.reporters.JUnitReportReporter -->
<testsuite skipped="0" hostname="DESKTOP-57QU30E" name="abhibus_Execution.Abhibus_ExecutionValidation" tests="1" failures="1" timestamp="13 Jan 2019 05:47:59 GMT" time="117.311" errors="0">
  <testcase name="abhibus_Execution" time="117.311" classname="abhibus_Execution.Abhibus_ExecutionValidation">
    <failure type="java.lang.AssertionError" message="The following asserts failed:
	Assertion failed because Expected contains the amount without GST expected [] but found [2,915.64]">
      <![CDATA[java.lang.AssertionError: The following asserts failed:
Assertion failed because Expected contains the amount without GST expected [] but found [2,915.64]
at org.testng.asserts.SoftAssert.assertAll(SoftAssert.java:43)
at abhibus_PageLayer.Abhibus_Payment.netpayable_Validation(Abhibus_Payment.java:30)
at abhibus_Execution.Abhibus_ExecutionValidation.abhibus_Execution(Abhibus_ExecutionValidation.java:50)
at sun.reflect.NativeMethodAccessorImpl.invoke0(Native Method)
at sun.reflect.NativeMethodAccessorImpl.invoke(NativeMethodAccessorImpl.java:62)
at sun.reflect.DelegatingMethodAccessorImpl.invoke(DelegatingMethodAccessorImpl.java:43)
at java.lang.reflect.Method.invoke(Method.java:498)
at org.testng.internal.MethodInvocationHelper.invokeMethod(MethodInvocationHelper.java:124)
at org.testng.internal.Invoker.invokeMethod(Invoker.java:583)
at org.testng.internal.Invoker.invokeTestMethod(Invoker.java:719)
at org.testng.internal.Invoker.invokeTestMethods(Invoker.java:989)
at org.testng.internal.TestMethodWorker.invokeTestMethods(TestMethodWorker.java:125)
at org.testng.internal.TestMethodWorker.run(TestMethodWorker.java:109)
at org.testng.TestRunner.privateRun(TestRunner.java:648)
at org.testng.TestRunner.run(TestRunner.java:505)
at org.testng.SuiteRunner.runTest(SuiteRunner.java:455)
at org.testng.SuiteRunner.runSequentially(SuiteRunner.java:450)
at org.testng.SuiteRunner.privateRun(SuiteRunner.java:415)
at org.testng.SuiteRunner.run(SuiteRunner.java:364)
at org.testng.SuiteRunnerWorker.runSuite(SuiteRunnerWorker.java:52)
at org.testng.SuiteRunnerWorker.run(SuiteRunnerWorker.java:84)
at org.testng.TestNG.runSuitesSequentially(TestNG.java:1208)
at org.testng.TestNG.runSuitesLocally(TestNG.java:1137)
at org.testng.TestNG.runSuites(TestNG.java:1049)
at org.testng.TestNG.run(TestNG.java:1017)
at org.testng.remote.AbstractRemoteTestNG.run(AbstractRemoteTestNG.java:114)
at org.testng.remote.RemoteTestNG.initAndRun(RemoteTestNG.java:251)
at org.testng.remote.RemoteTestNG.main(RemoteTestNG.java:77)
]]>
    </failure>
  </testcase> <!-- abhibus_Execution -->
</testsuite> <!-- abhibus_Execution.Abhibus_ExecutionValidation -->
