<?xml version="1.0" encoding="UTF-8"?>
<!-- Generated by org.testng.reporters.JUnitXMLReporter -->
<testsuite hostname="DESKTOP-57QU30E" ignored="0" name="abhibus_booking" tests="1" failures="1" timestamp="13 Jan 2019 05:47:59 GMT" time="117.348" errors="0">
  <testcase name="abhibus_Execution" time="78.277" classname="abhibus_Execution.Abhibus_ExecutionValidation">
    <failure type="java.lang.AssertionError" message="The following asserts failed:
	Assertion failed because Expected contains the amount without GST expected [] but found [2,915.64]">
      <![CDATA[java.lang.AssertionError: The following asserts failed:
Assertion failed because Expected contains the amount without GST expected [] but found [2,915.64]
at abhibus_PageLayer.Abhibus_Payment.netpayable_Validation(Abhibus_Payment.java:30)
at abhibus_Execution.Abhibus_ExecutionValidation.abhibus_Execution(Abhibus_ExecutionValidation.java:50)
... Removed 26 stack frames]]>
    </failure>
  </testcase> <!-- abhibus_Execution -->
</testsuite> <!-- abhibus_booking -->
